c:\work\projects\c++\opengl_course - copy (2)\cg_aueb_lab_7\lab7\solution\x64\debug\vc141.pdb
c:\work\projects\c++\opengl_course - copy (2)\cg_aueb_lab_7\lab7\solution\x64\debug\vc141.idb
c:\work\projects\c++\opengl_course - copy (2)\cg_aueb_lab_7\lab7\solution\x64\debug\shaderglsl.obj
c:\work\projects\c++\opengl_course - copy (2)\cg_aueb_lab_7\lab7\solution\x64\debug\transformnode.obj
c:\work\projects\c++\opengl_course - copy (2)\cg_aueb_lab_7\lab7\solution\x64\debug\root.obj
c:\work\projects\c++\opengl_course - copy (2)\cg_aueb_lab_7\lab7\solution\x64\debug\node.obj
c:\work\projects\c++\opengl_course - copy (2)\cg_aueb_lab_7\lab7\solution\x64\debug\groupnode.obj
c:\work\projects\c++\opengl_course - copy (2)\cg_aueb_lab_7\lab7\solution\x64\debug\geometrynode.obj
c:\work\projects\c++\opengl_course - copy (2)\cg_aueb_lab_7\lab7\solution\x64\debug\renderer.obj
c:\work\projects\c++\opengl_course - copy (2)\cg_aueb_lab_7\lab7\solution\x64\debug\texture.obj
c:\work\projects\c++\opengl_course - copy (2)\cg_aueb_lab_7\lab7\solution\x64\debug\tga.obj
c:\work\projects\c++\opengl_course - copy (2)\cg_aueb_lab_7\lab7\solution\x64\debug\oglmesh.obj
c:\work\projects\c++\opengl_course - copy (2)\cg_aueb_lab_7\lab7\solution\x64\debug\objmaterial.obj
c:\work\projects\c++\opengl_course - copy (2)\cg_aueb_lab_7\lab7\solution\x64\debug\objloader.obj
c:\work\projects\c++\opengl_course - copy (2)\cg_aueb_lab_7\lab7\solution\x64\debug\main.obj
c:\work\projects\c++\opengl_course - copy (2)\cg_aueb_lab_7\lab7\solution\x64\debug\helplib.obj
c:\work\projects\c++\opengl_course - copy (2)\cg_aueb_lab_7\lab7\bin\debug\x64\lab7x64d.exe
c:\work\projects\c++\opengl_course - copy (2)\cg_aueb_lab_7\lab7\bin\debug\x64\lab7x64d.ilk
c:\work\projects\c++\opengl_course - copy (2)\cg_aueb_lab_7\lab7\bin\debug\x64\lab7x64d.pdb
c:\work\projects\c++\opengl_course - copy (2)\cg_aueb_lab_7\lab7\solution\..\bin\debug\x64\lab7x64d.pdb
c:\work\projects\c++\opengl_course - copy (2)\cg_aueb_lab_7\lab7\solution\..\bin\debug\x64\lab7x64d.exe
c:\work\projects\c++\opengl_course - copy (2)\cg_aueb_lab_7\lab7\solution\..\bin\debug\x64\lab7x64d.ilk
c:\work\projects\c++\opengl_course - copy (2)\cg_aueb_lab_7\lab7\solution\x64\debug\lab7.tlog\cl.command.1.tlog
c:\work\projects\c++\opengl_course - copy (2)\cg_aueb_lab_7\lab7\solution\x64\debug\lab7.tlog\cl.read.1.tlog
c:\work\projects\c++\opengl_course - copy (2)\cg_aueb_lab_7\lab7\solution\x64\debug\lab7.tlog\cl.write.1.tlog
c:\work\projects\c++\opengl_course - copy (2)\cg_aueb_lab_7\lab7\solution\x64\debug\lab7.tlog\link.command.1.tlog
c:\work\projects\c++\opengl_course - copy (2)\cg_aueb_lab_7\lab7\solution\x64\debug\lab7.tlog\link.read.1.tlog
c:\work\projects\c++\opengl_course - copy (2)\cg_aueb_lab_7\lab7\solution\x64\debug\lab7.tlog\link.write.1.tlog
